#
# There is insufficient memory for the Java Runtime Environment to continue.
# Native memory allocation (malloc) failed to allocate 32744 bytes for ChunkPool::allocate
# Possible reasons:
#   The system is out of physical RAM or swap space
#   In 32 bit mode, the process size limit was hit
# Possible solutions:
#   Reduce memory load on the system
#   Increase physical memory or swap space
#   Check if swap backing store is full
#   Use 64 bit Java on a 64 bit OS
#   Decrease Java heap size (-Xmx/-Xms)
#   Decrease number of Java threads
#   Decrease Java thread stack sizes (-Xss)
#   Set larger code cache with -XX:ReservedCodeCacheSize=
# This output file may be truncated or incomplete.
#
#  Out of Memory Error (allocation.cpp:273), pid=18200, tid=0x0000000000004410
#
# JRE version:  (8.0_152-b02) (build )
# Java VM: OpenJDK 64-Bit Server VM (25.152-b02 mixed mode windows-amd64 compressed oops)
# Failed to write core dump. Minidumps are not enabled by default on client versions of Windows
#

---------------  T H R E A D  ---------------

Current thread (0x000000000125e000):  JavaThread "Unknown thread" [_thread_in_vm, id=17424, stack(0x00000000014b0000,0x00000000015b0000)]

Stack: [0x00000000014b0000,0x00000000015b0000]
Native frames: (J=compiled Java code, j=interpreted, Vv=VM code, C=native code)


---------------  P R O C E S S  ---------------

Java Threads: ( => current thread )

Other Threads:

=>0x000000000125e000 (exited) JavaThread "Unknown thread" [_thread_in_vm, id=17424, stack(0x00000000014b0000,0x00000000015b0000)]

VM state:not at safepoint (not fully initialized)

VM Mutex/Monitor currently owned by a thread: None

Deoptimization events (0 events):
No events

Classes redefined (0 events):
No events

Internal exceptions (0 events):
No events

Events (0 events):
No events


Dynamic libraries:
0x00007ff68fd20000 - 0x00007ff68fd51000 	E:\Android\android-studio\jre\bin\java.exe
0x00007ff97c050000 - 0x00007ff97c231000 	C:\WINDOWS\SYSTEM32\ntdll.dll
0x00007ff9796d0000 - 0x00007ff979782000 	C:\WINDOWS\System32\KERNEL32.DLL
0x00007ff978930000 - 0x00007ff978ba3000 	C:\WINDOWS\System32\KERNELBASE.dll
0x00007ff979ad0000 - 0x00007ff979b71000 	C:\WINDOWS\System32\ADVAPI32.dll
0x00007ff97bf80000 - 0x00007ff97c01e000 	C:\WINDOWS\System32\msvcrt.dll
0x00007ff979670000 - 0x00007ff9796cb000 	C:\WINDOWS\System32\sechost.dll
0x00007ff979540000 - 0x00007ff979664000 	C:\WINDOWS\System32\RPCRT4.dll
0x00007ff97b260000 - 0x00007ff97b3f0000 	C:\WINDOWS\System32\USER32.dll
0x00007ff978870000 - 0x00007ff978890000 	C:\WINDOWS\System32\win32u.dll
0x00007ff97b130000 - 0x00007ff97b158000 	C:\WINDOWS\System32\GDI32.dll
0x00007ff979340000 - 0x00007ff9794d2000 	C:\WINDOWS\System32\gdi32full.dll
0x00007ff978890000 - 0x00007ff97892f000 	C:\WINDOWS\System32\msvcp_win.dll
0x00007ff9784d0000 - 0x00007ff9785ca000 	C:\WINDOWS\System32\ucrtbase.dll
0x00007ff968c30000 - 0x00007ff968e99000 	C:\WINDOWS\WinSxS\amd64_microsoft.windows.common-controls_6595b64144ccf1df_6.0.17134.112_none_fb3f961b30681c12\COMCTL32.dll
0x00007ff97b800000 - 0x00007ff97bb23000 	C:\WINDOWS\System32\combase.dll
0x00007ff978bb0000 - 0x00007ff978c2a000 	C:\WINDOWS\System32\bcryptPrimitives.dll
0x00007ff97b1c0000 - 0x00007ff97b1ed000 	C:\WINDOWS\System32\IMM32.DLL
0x0000000056520000 - 0x00000000565f2000 	E:\Android\android-studio\jre\jre\bin\msvcr100.dll
0x0000000056ee0000 - 0x000000005771f000 	E:\Android\android-studio\jre\jre\bin\server\jvm.dll
0x00007ff97afc0000 - 0x00007ff97afc8000 	C:\WINDOWS\System32\PSAPI.DLL
0x00007ff96df70000 - 0x00007ff96df79000 	C:\WINDOWS\SYSTEM32\WSOCK32.dll
0x00007ff97b1f0000 - 0x00007ff97b25c000 	C:\WINDOWS\System32\WS2_32.dll
0x00007ff963e00000 - 0x00007ff963e23000 	C:\WINDOWS\SYSTEM32\WINMM.dll
0x00007ff970170000 - 0x00007ff97017a000 	C:\WINDOWS\SYSTEM32\VERSION.dll
0x00007ff963dd0000 - 0x00007ff963dfa000 	C:\WINDOWS\SYSTEM32\WINMMBASE.dll
0x00007ff9785d0000 - 0x00007ff978619000 	C:\WINDOWS\System32\cfgmgr32.dll
0x00007ff962f50000 - 0x00007ff962f5f000 	E:\Android\android-studio\jre\jre\bin\verify.dll
0x00007ff954250000 - 0x00007ff954279000 	E:\Android\android-studio\jre\jre\bin\java.dll

VM Arguments:
jvm_args: -Djava.awt.headless=true -Xmx1024M -Dfile.encoding=windows-1256 -Duser.country=US -Duser.language=en -Duser.variant 
java_command: com.android.dx.command.Main --dex --force-jumbo --num-threads=4 --multi-dex --output E:\Android\StudioProjects\PlayerBoxLibrary\app\build\intermediates\transforms\dex\debug\folders\1000\5\slice_9 E:\Android\StudioProjects\PlayerBoxLibrary\app\build\intermediates\transforms\instantRunSlicer\debug\folders\1\5\slice_9
java_class_path (initial): E:\Android\sdk\build-tools\25.0.2\lib\dx.jar
Launcher Type: SUN_STANDARD

Environment Variables:
PATH=C:\ProgramData\Oracle\Java\javapath;C:\Program Files (x86)\Intel\iCLS Client\;C:\Program Files\Intel\iCLS Client\;%SystemRoot%\system32;%SystemRoot%;%SystemRoot%\System32\Wbem;%SYSTEMROOT%\System32\WindowsPowerShell\v1.0\;C:\Program Files (x86)\Intel\Intel(R) Management Engine Components\DAL;C:\Program Files\Intel\Intel(R) Management Engine Components\DAL;C:\Program Files (x86)\Intel\Intel(R) Management Engine Components\IPT;C:\Program Files\Intel\Intel(R) Management Engine Components\IPT;C:\Program Files\Git\cmd;D:\Program Files\TortoiseSVN\bin;D:\xampp-php71\php;D:\Program Files\composer;C:\Program Files\nodejs\;D:\Program Files\UglifyJS\bin;D:\Go\bin;C:\Program Files (x86)\Windows Kits\8.1\Windows Performance Toolkit\;C:\Users\VADA\AppData\Local\Programs\Python\Python36\Scripts;C:\Program Files (x86)\GtkSharp\2.12\bin;C:\Program Files\TortoiseGit\bin;E:\Android\sdk\platform-tools;C:\Android;C:\Windows\System32;%SYSTEMROOT%\System32\OpenSSH\;C:\Users\VADA\AppData\Local\GitHubDesktop\bin;C:\Users\VADA\AppData\Roaming\Composer\vendor\bin;C:\Users\VADA\AppData\Roaming\npm;%USERPROFILE%\AppData\Local\Microsoft\WindowsApps;
USERNAME=VADA
OS=Windows_NT
PROCESSOR_IDENTIFIER=Intel64 Family 6 Model 94 Stepping 3, GenuineIntel



---------------  S Y S T E M  ---------------

OS: Windows 10.0 , 64 bit Build 17134 (10.0.17134.1)

CPU:total 4 (initial active 4) 

Memory: 4k page, physical 16639732k(5734324k free), swap 25797512k(744k free)

vm_info: OpenJDK 64-Bit Server VM (25.152-b02) for windows-amd64 JRE (1.8.0_152-release-1024-b02), built by "builder" with MS VC++ 10.0 (VS2010)

time: Mon Jun 18 18:08:15 2018
elapsed time: 0 seconds (0d 0h 0m 0s)

