#
# There is insufficient memory for the Java Runtime Environment to continue.
# Native memory allocation (malloc) failed to allocate 1048576 bytes for AllocateHeap
# Possible reasons:
#   The system is out of physical RAM or swap space
#   In 32 bit mode, the process size limit was hit
# Possible solutions:
#   Reduce memory load on the system
#   Increase physical memory or swap space
#   Check if swap backing store is full
#   Use 64 bit Java on a 64 bit OS
#   Decrease Java heap size (-Xmx/-Xms)
#   Decrease number of Java threads
#   Decrease Java thread stack sizes (-Xss)
#   Set larger code cache with -XX:ReservedCodeCacheSize=
# This output file may be truncated or incomplete.
#
#  Out of Memory Error (memory/allocation.inline.hpp:61), pid=16508, tid=0x00000000000040ec
#
# JRE version:  (8.0_152-b02) (build )
# Java VM: OpenJDK 64-Bit Server VM (25.152-b02 mixed mode windows-amd64 compressed oops)
# Failed to write core dump. Minidumps are not enabled by default on client versions of Windows
#

---------------  T H R E A D  ---------------

Current thread (0x000000000205e000):  JavaThread "Unknown thread" [_thread_in_vm, id=16620, stack(0x0000000002060000,0x0000000002160000)]

Stack: [0x0000000002060000,0x0000000002160000]
[error occurred during error reporting (printing stack bounds), id 0xc0000005]

Native frames: (J=compiled Java code, j=interpreted, Vv=VM code, C=native code)


---------------  P R O C E S S  ---------------

Java Threads: ( => current thread )

Other Threads:

=>0x000000000205e000 (exited) JavaThread "Unknown thread" [_thread_in_vm, id=16620, stack(0x0000000002060000,0x0000000002160000)]

VM state:not at safepoint (normal execution)

VM Mutex/Monitor currently owned by a thread: None

Heap:
 PSYoungGen      total 75776K, used 1300K [0x00000000eab00000, 0x00000000eff80000, 0x0000000100000000)
  eden space 65024K, 2% used [0x00000000eab00000,0x00000000eac451f8,0x00000000eea80000)
  from space 10752K, 0% used [0x00000000ef500000,0x00000000ef500000,0x00000000eff80000)
  to   space 10752K, 0% used [0x00000000eea80000,0x00000000eea80000,0x00000000ef500000)
 ParOldGen       total 173568K, used 0K [0x00000000c0000000, 0x00000000ca980000, 0x00000000eab00000)
  object space 173568K, 0% used [0x00000000c0000000,0x00000000c0000000,0x00000000ca980000)
 Metaspace       used 772K, capacity 4480K, committed 4480K, reserved 1056768K
  class space    used 73K, capacity 384K, committed 384K, reserved 1048576K

Card table byte_map: [0x0000000011620000,0x0000000011830000] byte_map_base: 0x0000000011020000

Marking Bits: (ParMarkBitMap*) 0x00000000576a4970
 Begin Bits: [0x0000000011d90000, 0x0000000012d90000)
 End Bits:   [0x0000000012d90000, 0x0000000013d90000)

Polling page: 0x00000000006f0000

CodeCache: size=245760Kb used=328Kb max_used=328Kb free=245431Kb
 bounds [0x0000000002260000, 0x00000000024d0000, 0x0000000011260000]
 total_blobs=57 nmethods=0 adapters=38
 compilation: enabled

Compilation events (0 events):
No events

GC Heap History (0 events):
No events

Deoptimization events (0 events):
No events

Classes redefined (0 events):
No events

Internal exceptions (0 events):
No events

Events (10 events):
Event: 0.018 loading class java/lang/Short
Event: 0.018 loading class java/lang/Short done
Event: 0.018 loading class java/lang/Integer
Event: 0.018 loading class java/lang/Integer done
Event: 0.018 loading class java/lang/Long
Event: 0.018 loading class java/lang/Long done
Event: 0.018 loading class java/lang/NullPointerException
Event: 0.018 loading class java/lang/NullPointerException done
Event: 0.018 loading class java/lang/ArithmeticException
Event: 0.019 loading class java/lang/ArithmeticException done


Dynamic libraries:
0x00007ff68fd20000 - 0x00007ff68fd51000 	E:\Android\android-studio\jre\bin\java.exe
0x00007ff97c050000 - 0x00007ff97c231000 	C:\WINDOWS\SYSTEM32\ntdll.dll
0x00007ff9796d0000 - 0x00007ff979782000 	C:\WINDOWS\System32\KERNEL32.DLL
0x00007ff978930000 - 0x00007ff978ba3000 	C:\WINDOWS\System32\KERNELBASE.dll
0x00007ff979ad0000 - 0x00007ff979b71000 	C:\WINDOWS\System32\ADVAPI32.dll
0x00007ff97bf80000 - 0x00007ff97c01e000 	C:\WINDOWS\System32\msvcrt.dll
0x00007ff979670000 - 0x00007ff9796cb000 	C:\WINDOWS\System32\sechost.dll
0x00007ff979540000 - 0x00007ff979664000 	C:\WINDOWS\System32\RPCRT4.dll
0x00007ff97b260000 - 0x00007ff97b3f0000 	C:\WINDOWS\System32\USER32.dll
0x00007ff978870000 - 0x00007ff978890000 	C:\WINDOWS\System32\win32u.dll
0x00007ff97b130000 - 0x00007ff97b158000 	C:\WINDOWS\System32\GDI32.dll
0x00007ff979340000 - 0x00007ff9794d2000 	C:\WINDOWS\System32\gdi32full.dll
0x00007ff978890000 - 0x00007ff97892f000 	C:\WINDOWS\System32\msvcp_win.dll
0x00007ff9784d0000 - 0x00007ff9785ca000 	C:\WINDOWS\System32\ucrtbase.dll
0x00007ff968c30000 - 0x00007ff968e99000 	C:\WINDOWS\WinSxS\amd64_microsoft.windows.common-controls_6595b64144ccf1df_6.0.17134.112_none_fb3f961b30681c12\COMCTL32.dll
0x00007ff97b800000 - 0x00007ff97bb23000 	C:\WINDOWS\System32\combase.dll
0x00007ff978bb0000 - 0x00007ff978c2a000 	C:\WINDOWS\System32\bcryptPrimitives.dll
0x00007ff97b1c0000 - 0x00007ff97b1ed000 	C:\WINDOWS\System32\IMM32.DLL
0x0000000056520000 - 0x00000000565f2000 	E:\Android\android-studio\jre\jre\bin\msvcr100.dll
0x0000000056ee0000 - 0x000000005771f000 	E:\Android\android-studio\jre\jre\bin\server\jvm.dll
0x00007ff97afc0000 - 0x00007ff97afc8000 	C:\WINDOWS\System32\PSAPI.DLL
0x00007ff96df70000 - 0x00007ff96df79000 	C:\WINDOWS\SYSTEM32\WSOCK32.dll
0x00007ff97b1f0000 - 0x00007ff97b25c000 	C:\WINDOWS\System32\WS2_32.dll
0x00007ff963e00000 - 0x00007ff963e23000 	C:\WINDOWS\SYSTEM32\WINMM.dll
0x00007ff970170000 - 0x00007ff97017a000 	C:\WINDOWS\SYSTEM32\VERSION.dll
0x00007ff963dd0000 - 0x00007ff963dfa000 	C:\WINDOWS\SYSTEM32\WINMMBASE.dll
0x00007ff9785d0000 - 0x00007ff978619000 	C:\WINDOWS\System32\cfgmgr32.dll
0x00007ff962f50000 - 0x00007ff962f5f000 	E:\Android\android-studio\jre\jre\bin\verify.dll
0x00007ff954250000 - 0x00007ff954279000 	E:\Android\android-studio\jre\jre\bin\java.dll
0x00007ff960850000 - 0x00007ff960866000 	E:\Android\android-studio\jre\jre\bin\zip.dll

VM Arguments:
jvm_args: -Djava.awt.headless=true -Xmx1024M -Dfile.encoding=windows-1256 -Duser.country=US -Duser.language=en -Duser.variant 
java_command: com.android.dx.command.Main --dex --force-jumbo --num-threads=4 --multi-dex --output E:\Android\StudioProjects\PlayerBoxLibrary\app\build\intermediates\transforms\dex\debug\folders\1000\5\slice_4 E:\Android\StudioProjects\PlayerBoxLibrary\app\build\intermediates\transforms\instantRunSlicer\debug\folders\1\5\slice_4
java_class_path (initial): E:\Android\sdk\build-tools\25.0.2\lib\dx.jar
Launcher Type: SUN_STANDARD

Environment Variables:
PATH=C:\ProgramData\Oracle\Java\javapath;C:\Program Files (x86)\Intel\iCLS Client\;C:\Program Files\Intel\iCLS Client\;%SystemRoot%\system32;%SystemRoot%;%SystemRoot%\System32\Wbem;%SYSTEMROOT%\System32\WindowsPowerShell\v1.0\;C:\Program Files (x86)\Intel\Intel(R) Management Engine Components\DAL;C:\Program Files\Intel\Intel(R) Management Engine Components\DAL;C:\Program Files (x86)\Intel\Intel(R) Management Engine Components\IPT;C:\Program Files\Intel\Intel(R) Management Engine Components\IPT;C:\Program Files\Git\cmd;D:\Program Files\TortoiseSVN\bin;D:\xampp-php71\php;D:\Program Files\composer;C:\Program Files\nodejs\;D:\Program Files\UglifyJS\bin;D:\Go\bin;C:\Program Files (x86)\Windows Kits\8.1\Windows Performance Toolkit\;C:\Users\VADA\AppData\Local\Programs\Python\Python36\Scripts;C:\Program Files (x86)\GtkSharp\2.12\bin;C:\Program Files\TortoiseGit\bin;E:\Android\sdk\platform-tools;C:\Android;C:\Windows\System32;%SYSTEMROOT%\System32\OpenSSH\;C:\Users\VADA\AppData\Local\GitHubDesktop\bin;C:\Users\VADA\AppData\Roaming\Composer\vendor\bin;C:\Users\VADA\AppData\Roaming\npm;%USERPROFILE%\AppData\Local\Microsoft\WindowsApps;
USERNAME=VADA
OS=Windows_NT
PROCESSOR_IDENTIFIER=Intel64 Family 6 Model 94 Stepping 3, GenuineIntel



---------------  S Y S T E M  ---------------

OS: Windows 10.0 , 64 bit Build 17134 (10.0.17134.1)

CPU:total 4 (initial active 4) (4 cores per cpu, 1 threads per core) family 6 model 94 stepping 3, cmov, cx8, fxsr, mmx, sse, sse2, sse3, ssse3, sse4.1, sse4.2, popcnt, avx, avx2, aes, clmul, erms, 3dnowpref, lzcnt, tsc, tscinvbit, bmi1, bmi2, adx

Memory: 4k page, physical 16639732k(5773876k free), swap 25797512k(5164k free)

vm_info: OpenJDK 64-Bit Server VM (25.152-b02) for windows-amd64 JRE (1.8.0_152-release-1024-b02), built by "builder" with MS VC++ 10.0 (VS2010)

time: Mon Jun 18 18:08:15 2018
elapsed time: 0 seconds (0d 0h 0m 0s)

